[    0.000000 Linux version .150-11-generic (buildd@lgw0-amd6-039) (gcc version 7.5.0 (Ubuntu 7.5.0-3ubuntu1~18.04)) #119-Ubuntu SMP Tue Sep 8 12:30:01 UTC 2020 (Ubuntu 4.15.0-118.119-generic 4.15.18)
[    0.000000] Command line: BOOT_IMAGE=/boot/vmlinuz-4.15.0-118-generic root=LABEL=cloudimg-rootfs ro console=tty1 console=ttyS0
[    0.000000] KERNEL supported cpus:
[    0.000000]   Intel GenuineIntel
[    0.000000]   AMD AuthenticAMD
[    0.000000]   Centaur CentaurHauls
[    0.000000] x86/fpu: Supporting XSAVE feature 0x001: 'x87 floating point registers'
[    0.000000] x86/fpu: Supporting XSAVE feature 0x002: 'SSE registers'
[    0.000000] x86/fpu: Supporting XSAVE feature 0x004: 'AVX registers'
[    0.000000] x86/fpu: xstate_offset[2]:  576, xstate_sizes[2]:  256
[    0.000000] x86/fpu: Enabled xstate features 0x7, context size is 832 bytes, using 'standard' format.
[    0.000000] e820: BIOS-provided physical RAM map:
[    0.000000] BIOS-e820: [mem 0x0000000000000000-0x000000000009fbff] usable
[    0.000000] BIOS-e80: [mem 0x000000000009fc00-0x000000000009ffff] reserved
[    0.000000] BIOS-e820: [mem 0x00000000000f0000-0x00000000000fffff] reserved
[    0.000000] BIOS-e820: [mem 0x0000000000100000-0x000000003ffeffff] usable
[   0.000000] BIOS-e820: [mem 0x000000003fff0000-0x000000003fffffff] ACPI data
[    0.000000] BIOS-e820: [mem 0x00000000fec00000-0x00000000fec00fff] reserved
[    0.000000] BIOS-e820: [mem 0x00000000fee00000-0x00000000fee00fff] reserved
[    0.000000] BIOS-e820: [mem 0x00000000fffc0000-0x00000000ffffffff] reserved
[    0.000000] NX (Execute Disable) protection: active
[    0.000000] SMBIOS 2.5 present.
[    0.000000] DMI: innotek GmbH VirtualBox/VirtualBox, BIOS VirtualBox 12/01/2006
[    0.000000] Hypervisor detected: KVM
[    0.000000] e820: last_pfn = 0x3fff0 max_arch_pfn = 0x400000000
[    0.000000] MTRR: Disable
[    0.000000] x86/PAT: MTRRs disabled, skipping PAT initialization too.
[    0.000000] CPU MTRRs all blank - virtualized system.
[    0.000000] x86/PAT: Configuration [0-7]: WB  WT  UC- UC  WB  WT  UC- UC  
[    0.000000] found SMP MP-table at [mem 0x0009fff0-0x0009ffff]
[    0.000000] Scanning 1 areas for low memory corruption
[    0.000000] RAMDISK: [mem 0x35a67000-0x36d2afff]
[    0.000000] ACPI: Early table checksum verification disabled
[    0.000000] ACPI: RSDP 0x00000000000E0000 000024 (v02 VBOX  )
[    0.000000] ACPI: XSDT 0x000000003FFF0030 00003C (v01 VBOX   VBOXXSDT 00000001 ASL  00000061)
[    0.000000] ACPI: FACP 0x000000003FFF00F0 0000F4 (v04 VBOX   VBOXFACP 00000001 ASL  00000061)
[    0.000000] ACPI: DSDT 0x000000003FFF0470 0021FF (v02 VBOX   VBOXBIOS 00000002 INTL 20100528)
[    0.000000] ACPI: FACS 0x000000003FFF0200 000040
[    0.000000] ACPI: FACS 0x000000003FFF0200 000040
[    0.000000] ACPI: APIC 0x000000003FFF0240 00005C (v02 VBOX   VBOXAPIC 00000001 ASL  00000061)
[    0.000000] ACPI: SSDT 0x000000003FFF02A0 0001CC (v01 VBOX   VBOXCPUT 00000002 INTL 20100528)
[    0.000000] N NMA configuration found
[    0.000000] Faking a node at [mem 0x0000000000000000-0x000000003ffeffff]
[    0.000000] NODE_DATA(0) allocated [mem 0x3ffc5000-0x3ffeffff]
[    0.000000] kvm-clock: cpu 0, msr 0:3ff44001, primary cpu clock
[    0.000000] kvm-clock: Using msrs 4b564d01 and 4b564d00
[    0.000000] kvm-clock: using sched offset of 3925091675 cycles
[    0.000000] clocksource: kvm-clock: mask: 0xffffffffffffffff max_cycles: 0x1cd42e4dffb, max_idle_ns: 881590591483 ns
[    0.000000] Zone ranges:
[    0.000000]   DMA      [mem 0x0000000000001000-0x0000000000ffffff]
[    0.000000]   DMA32    [mem 0x0000000001000000-0x000000003ffeffff]
[    0.000000]   Normal   empty
[    0.000000]   Device   empty
[    0.000000] Movable zone start for each node
[    0.000000] Early memory node ranges
[    0.000000]   node   0: [mem 0x0000000000001000-0x000000000009efff]
[    0.000000]   node   0: [mem 0x0000000000100000-0x000000003ffeffff]
[    0.000000] Reserved but unavailable: 98 pages
[    0.000000] Initmem setup node 0 [mem 0x0000000000001000-0x000000003ffeffff]
[    0.000000] ACPI: PM-Timer IO Port: 0x4008
[    0.000000] IOAPIC[0]: apic_id 2, version 32, address 0xfec00000, GSI 0-23
[    0.000000] ACPI: INT_SRC_OVR (bus 0 bus_irq 0 global_irq 2 dfl dfl)
[    0.000000] ACPI: INT_SRC_OVR (bus 0 bus_irq 9 global_irq 9 low level)
[    0.000000] Using ACPI (MADT) for SMP configuration information
[    0.000000] smpboot: Allowing 2 CPUs, 0 hotplug CPUs
[    0.000000] PM: Registered nosave memory: [mem 0x00000000-0x00000fff]
[    0.000000] PM: Registered nosave memory: [mem 0x0009f000-0x0009ffff]
[    0.000000] PM: Registered nosave memory: [mem 0x000a0000-0x000effff]
[    0.000000] PM: Registered nosave memory: [mem 0x000f0000-0x000fffff]
[    0.000000] e820: [mem 0x40000000-0xfebfffff] available for PCI devices
[    0.000000] Booting paravirtualized kernel on KVM
[    0.000000] clocksource: refined-jiffies: mask: 0xffffffff max_cycles: 0xffffffff, max_idle_ns: 7645519600211568 ns
[    0.000000] random: get_random_bytes called from start_kernel+0x99/0x500 with crng_init=0
[    0.000000] setup_percpu: NR_CPUS:8192 nr_cpumask_bits:2 nr_cpu_ids:2 nr_node_ids:1
[    0.000000] percpu: Embedded 45 pages/cpu s147456 r8192 d28672 u1048576
[    0.000000] PV qspinlock hash table entries: 256 (order: 0, 4096 bytes)
[    0.000000] Built 1 zonelists, mobility grouping on.  Total pages: 257913
[    0.000000] Policy zone: DMA32
[    0.000000] Kernel command line: BOOT_IMAGE=/boot/vmlinuz-4.15.0-118-generic root=LABEL=cloudimg-rootfs ro console=tty1 console=ttyS0
[    0.000000] Memory: 983032K/1048120K available (12300K kernel code, 2482K rwdata, 4272K rodata, 2436K init, 2724K bss, 65088K reserved, 0K cma-reserved)
[    0.000000] SLUB: HWalign=64, Order=0-3, Minbjects=0, CPUs=2, Nodes=1
[    0.000000] Kernel/User page tables isolation: enabled
[    0.000000] ftrace: allocating 39396 entries in 154 pages
[   0.004000] Hierarchical RCUimplmention.
[    0.004000] 	RCU restricting CPUs from NR_CPUS=8192 to nr_cpu_ids=2.
[    0.004000] 	Tasks RCU enabled.
[   0.004000] RCU: Adjusting geometry for rcu_fanout_leaf=16, nr_cpu_ids=2
[    0.004000] NR_IRQS: 524544, nr_irqs: 440, preallocated irqs: 16
[    0.004000] Console: colour VGA+ 80x25
[    0.004000] console [tty1] enabled
[    0.004000] console [ttyS0] enabled
[    0.004000] ACPI: Core revision 20170831
[    0.004000] ACPI: 2 ACPI AML tables successfully acquired and loaded
[   0.004000] APIC: Switch to symmetric I/O mode setup
[    0.004390] x2apic enabled
[    0.005583] Switched APIC routing to physical x2apic.
[    0.008000] ..TIMER: vector=0x30 apic1=0 pin1=2 apic2=-1 pin2=-1
[    0.008009] tsc: Detected 1992.002 MHz processor
[    0.009483] Calibrating delay loop (skipped) preset value.. 3984.00 BogoMIPS (lpj=7968008)
[    0.012008] pid_max: default: 32768 minimum: 301
[    0.013383] Security Framework initialized
[    0.016003] Yama: becoming mindful.
[    0.017042] AppArmor: AppArmor initialized
[    0.019571] Dentry cache hash table entries: 131072 (order: 8, 1048576 bytes)
[    0.020168] Inode-cache hash table entries: 65536 (order: 7, 524288 bytes)
[    0.024027] Mount-cache hash table entries: 2048 (order: 2, 16384 bytes)
[    0.026163] Mountpoint-cache hash table entries: 2048 (order: 2, 16384 bytes)
[    0.028587] Last level iTLB entries: 4KB 64, 2MB 8, 4MB 8
[    0.030431] Last level dTLB entries: 4KB 64, 2MB 0, 4MB 0, 1GB 4
[    0.032004] Spectre V1 : Mitigation: usercopy/swapgs barriers and __user pointer sanitization
[    0.036006] Spectre V2 : Mitigation: Full generic retpoline
[    0.040004] Spectre V2 : Spectre v2 / SpectreRSB mitigation: Filling RSB on context switch
[    0.044003] Speculative Store Bypass: Vulnerable
[    0.045143] SRBDS: Unknown: Dependent on hypervisor status
[    0.046475] MDS: Mitigation: Clear CPU buffers
[    0.048220] Freeing SMP alternatives memory: 36K
[    0.165740] smpboot: CPU0: Intel(R) Core(TM) i7-8550U CPU @ 1.80GHz (family: 0x6, model: 0x8e, stepping: 0xa)
[    0.168089] Performance Events: unsupported p6 CPU model 142 no PMU driver, software events only.
[    0.172069] Hierarchical SRCU implementation.
[    0.176344] NMI watchdog: Perf event create on CPU 0 failed with -2
[    0.178169] NMI watchdog: Perf NMI watchdog permanently disabled
[    0.179925] smp: Bringing up secondary CPUs ...
[    0.180114] x86: Booting SMP configuration:
[    0.181322] .... node  #0, CPUs:      #1
[    0.004000] kvm-clock: cpu 1, msr 0:3ff44041, secondary cpu clock
[    0.192024] smp: Brought up 1 node, 2 CPUs
[    0.196009] smpboot: Max logical packages: 1
[    0.200012] smpboot: Total of 2 processors activated (7968.00 BogoMIPS)
[    0.204221] devtmpfs: initialized
[    0.208098] x86/mm: Memory block size: 128MB
[    0.212356] evm: security.selinux
[    0.216006] evm: security.SMACK64
[    0.220005] evm: security.SMACK64EXEC
[    0.224006] evm: security.SMACK64TRANSMUTE
[    0.228007] evm: security.SMACK64MMAP
[    0.232006] evm: security.apparmor
[    0.236006] evm: security.ima
[    0.237430] evm: security.capability
[    0.240408] clocksource: jiffies: mask: 0xffffffff max_cycles: 0xffffffff, max_idle_ns: 7645041785100000 ns
[    0.244022] futex hash table entries: 512 (order: 3, 32768 bytes)
[    0.249650] pinctrl core: initialized pinctrl subsystem
[    0.252176] RTC time:  7:05:54, date: 09/24/20
[    0.256244] NET: Registered protocol family 16
[    0.258206] audit: initializing netlink subsys (disabled)
[    0.260119] audit: type=2000 audit(1600931158.344:1): state=initialized audit_enabled=0 res=1
[    0.272044] cpuidle: using governor ladder
[    0.276017] cpuidle: using governor menu
[    0.280074] ACPI: bus type PCI registered
[    0.281526] acpiphp: ACPI Hot Plug PCI Controller Driver version: 0.5
[    0.284220] PCI: Using configuration type 1 for base access
[    0.289725] HugeTLB registered 2.00 MiB page size, pre-allocated 0 pages
[    0.292195] ACPI: Added _OSI(Module Device)
[    0.293743] ACPI: Added _OSI(Processor Device)
[    0.296010] ACPI: Added _OSI(3.0 _SCP Extensions)
[    0.297985] ACPI: Added _OSI(Processor Aggregator Device)
[    0.300018] ACPI: Added _OSI(Linux-Dell-Video)
[    0.304022] ACPI: Added _OSI(Linux-Lenovo-NV-HDMI-Audio)
[    0.308023] ACPI: Added _OSI(Linux-HPI-Hybrid-Graphics)
[    0.310263] ACPI: Executed 1 blocks of module-level executable AML code
[    0.322855] ACPI: Interpreter enabled
[    0.324030] ACPI: (supports S0 S5)
[    0.328005] ACPI: Using IOAPIC for interrupt routing
[    0.332539] PCI: Using host bridge windows from ACPI; if necessary, use "pci=nocrs" and report a bug
[    0.336446] ACPI: Enabled 2 GPEs in block 00 to 07
[    0.353633] ACPI: PCI Root Bridge [PCI0] (domain 0000 [bus 00-ff])
[    0.355918] acpi PNP0A03:00: _OSC: OS supports [ASPM ClockPM Segments MSI]
[    0.356103] acpi PNP0A03:00: _OSC: not requesting OS control; OS requires [ExtendedConfig ASPM ClockPM MSI]
[    0.360042] acpi PNP0A03:00: fail to add MMCONFIG information, can't access extended PCI configuration space under this bridge.
[    0.364628] PCI host bridge to bus 0000:00
[    0.368009] pci_bus 0000:00: root bus resource [io  0x0000-0x0cf7 window]
[    0.370452] pci_bus 0000:00: root bus resource [io  0x0d00-0xffff window]
[    0.372013] pci_bus 0000:00: root bus resource [mem 0x000a0000-0x000bffff window]
[    0.376011] pci_bus 0000:00: root bus resource [mem 0x40000000-0xfdffffff window]
[    0.380011] pci_bus 0000:00: root bus resource [bus 00-ff]
[    0.389299] pci 0000:00:01.1: legacy IDE quirk: reg 0x10: [io  0x01f0-0x01f7]
[    0.392000] pci 0000:00:01.1: legacy IDE quirk: reg 0x14: [io  0x03f6]
[    0.392010] pci 0000:00:01.1: legacy IDE quirk: reg 0x18: [io  0x0170-0x0177]
[    0.396007] pci 0000:00:01.1: legacy IDE quirk: reg 0x1c: [io  0x0376]
[    0.443445] pci 0000:00:07.0: quirk: [io  0x4000-0x403f] claimed by PIIX4 ACPI
[    0.444045] pci 0000:00:07.0: quirk: [io  0x4100-0x410f] claimed by PIIX4 SMB
[    0.472232] ACPI: PCI Interrupt Link [LNKA] (IRQs 5 9 10 *11)
[    0.475006] ACPI: PCI Interrupt Link [LNKB] (IRQs 5 9 *10 11)
[    0.476294] ACPI: PCI Interrupt Link [LNKC] (IRQs 5 *9 10 11)
[    0.478245] ACPI: PCI Interrupt Link [LNKD] (IRQs 5 9 10 *11)
[    0.480980] SCSI subsystem initialized
[    0.484080] pci 0000:00:02.0: vgaarb: setting as boot VGA device
[    0.488000] pci 0000:00:02.0: vgaarb: VGA device added: decodes=io+mem,owns=io+mem,locks=none
[    0.488024] pci 0000:00:02.0: vgaarb: bridge control possible
[    0.492011] vgaarb: loaded
[    0.493192] ACPI: bus type USB registered
[    0.496025] usbcore: registered new interface driver usbfs
[    0.498261] usbcore: registered new interface driver hub
[    0.500084] usbcore: registered new device driver usb
[    0.502043] EDAC MC: Ver: 3.0.0
[    0.504318] PCI: Using ACPI for IRQ routing
[    0.506123] NetLabel: Initializing
[    0.508005] NetLabel:  domain hash size = 128
[    0.509414] NetLabel:  protocols = UNLABELED CIPSOv4 CALIPSO
[    0.511123] NetLabel:  unlabeled traffic allowed by default
[    0.512095] clocksource: Switched to clocksource kvm-clock
[    0.530978] VFS: Disk quotas dquot_6.6.0
[    0.532262] VFS: Dquot-cache hash table entries: 512 (order 0, 4096 bytes)
[    0.534010] AppArmor: AppArmor Filesystem Enabled
[    0.535204] pnp: PnP ACPI init
[    0.537423] pnp: PnP ACPI: found 3 devices
[    0.549945] clocksource: acpi_pm: mask: 0xffffff max_cycles: 0xffffff, max_idle_ns: 2085701024 ns
[    0.553302] NET: Registered protocol family 2
[    0.555579] TCP established hash table entries: 8192 (order: 4, 65536 bytes)
[    0.558362] TCP bind hash table entries: 8192 (order: 5, 131072 bytes)
[    0.560934] TCP: Hash tables configured (established 8192 bind 8192)
[    0.563092] UDP hash table entries: 512 (order: 2, 16384 bytes)
[    0.565227] UDP-Lite hash table entries: 512 (order: 2, 16384 byts)
[    0.596533] NET: Registered protocol family 1
[    0.597932] pci 0000:00:00.0: Limiting direct PCI/PCI transfers
[    0.600093] pci 0000:00:01.0: Activating ISA DMA hang workarounds
[    0.602154] pci 0000:00:02.0: Video device with shadowed ROM at [mem 0x000c0000-0x000dffff]
[    0.604642] Unpacking initramfs...

[    0.940087] Freeing initrd memory: 19216K
[    0.941447] clocksource: tsc: mask: 0xffffffffffffffff max_cycles: 0x396d566cf43, max_idle_ns: 881590760263 ns
[    0.981956] platform rtc_cmos: registered platform RTC device (no PNP device found)
[    0.983841] Scanning for low memory corruption every 60 seconds
[    1.023412] Initialise system trusted keyrings
[    1.051145] Key type blacklist registered
[    1.063041] workingset: timestamp_bits=36 max_order=18 bucket_order=0
[    1.065588] zbud: loaded
[    1.066862] squashfs: version 4.0 (2009/01/31) Phillip Lougher
[    1.081513] fuse init (API version 7.26)
[    1.093645] Key type asymmetric registered
[    1.108111] Asymmetric key parser 'x509' registered
[    1.109500] Block layer SCSI generic (bsg) driver version 0.4 loaded (major 246)
[    1.120603] io scheduler noop registered
[    1.121641] io scheduler deadline registered
[    1.122663] io scheduler cfq registered (default)
[    1.124113] ACPI: AC Adapter [AC] (on-line)
[    1.125134] input: Power Button as /devices/LNXSYSTM:00/LNXPWRBN:00/input/input0
[    1.126871] ACPI: Power Button [PWRF]
[    1.128556] input: Sleep Button as /devices/LNXSYSTM:00/LNXSLPBN:00/input/input1
[    1.130250] ACPI: Sleep Button [SLPF]
[    1.132347] ACPI: Battery Slot [BAT0] (battery present)
[    1.136980] Serial: 8250/16550 driver, 32 ports, IRQ sharing enabled
[    1.184470] 00:02: ttyS0 at I/O 0x3f8 (irq = 4, base_baud = 115200) is a 16550A
[    1.197989] Linux agpgart interface v0.103
[    1.209375] loop: module loaded
[    1.218387] scsi host0: ata_piix
[    1.225867] scsi host1: ata_piix
[    1.228195] ata1: PATA max UDMA/33 cmd 0x1f0 ctl 0x3f6 bmdma 0xd000 irq 14
[    1.232700] ata2: PATA max UDMA/33 cmd 0x170 ctl 0x376 bmdma 0xd008 irq 15
[    1.238483] libphy: Fixed MDIO Bus: probed
[    1.239835] tun: Universal TUN/TAP device driver, 1.6
[    1.241986] PPP generic driver version 2.4.2
[    1.249913] ehci_hcd: USB 2.0 'Enhanced' Host Controller (EHCI) Driver
[    1.264506] ehci-pci: EHCI PCI platform driver
[    1.265890] ehci-platform: EHCI generic platform driver
[    1.274367] ohci_hcd: USB 1.1 'Open' Host Controller (OHCI) Driver
[    1.299255] ohci-pci: OHCI PCI platform driver
[    1.300665] ohci-platform: OHCI generic platform driver
[    1.302214] uhci_hcd: USB Universal Host Controller Interface driver
[    1.303919] i8042: PNP: PS/2 Controller [PNP0303:PS2K,PNP0f03:PS2M] at 0x60,0x64 irq 1,12
[    1.312420] serio: i8042 KBD port at 0x60,0x64 irq 1
[    1.315093] serio: i8042 AUX port at 0x60,0x64 irq 12
[    1.316048] mousedev: PS/2 mouse device common for all mice
[    1.318521] input: AT Translated Set 2 keyboard as /devices/platform/i8042/serio0/input/input2
[    1.322174] rtc_cmos rtc_cmos: rtc core: registered rtc_cmos as rtc0
[    1.358121] rtc_cmos rtc_cmos: alarms up to one day, 114 bytes nvram
[    1.360376] i2c /dev entries driver
[    1.361788] device-mapper: uevent: version 1.0.3
[    1.363407] device-mapper: ioctl: 4.37.0-ioctl (2017-09-20) initialised: dm-devel@redhat.com
[    1.365981] ledtrig-cpu: registered to indicate activity on CPUs
[    1.368961] NET: Registered protocol family 10
[    1.381766] Segment Routing with IPv6
[    1.383074] NET: Registered protocol family 17
[    1.384840] Key type dns_resolver registered
[    1.392798] mce: Using 0 MCE banks
[    1.394051] RAS: Correctable Errors collector initialized.
[    1.404068] sched_clock: Marking stable (1403906073, 0)->(2810060563, -1406154490)
[    1.407179] registered taskstats version 1
[    1.408445] Loading compiled-in X.509 certificates
[    1.412596] Loaded X.509 cert 'Build time autogenerated kernel key: 12f2d460e247d21dc5d156478bb7d4abc0f5a070'
[    1.422853] zswap: loaded using pool lzo/zbud
[    1.436713] Key type big_key registered
[    1.437751] Key type trusted registered
[    1.440668] Key type encrypted registered
[    1.456570] AppArmor: AppArmor sha1 policy hashing enabled
[    1.465956] ima: No TPM chip found, activating TPM-bypass! (rc=-19)
[    1.468034] ima: Allocated hash algorithm: sha1
[    1.469326] evm: HMAC attrs: 0x1
[    1.470439]   Magic number: 4:77:67
[    1.471629] rtc_cmos rtc_cmos: setting system clock to 2020-09-24 07:05:55 UTC (1600931155)
[    1.494150] BIOS EDD facility v0.16 2004-Jun-25, 0 devices found
[    1.495711] EDD information not available.
[    1.499453] Freeing unused kernel image memory: 2436K
[    1.520948] Write protecting the kernel read-only data: 20480k
[    1.523386] Freeing unused kernel image memory: 2008K
[    1.531236] Freeing unused kernel image memory: 1872K
[    1.555851] x86/mm: Checked W+X mappings: passed, no W+X pages found.
[    1.584807] x86/mm: Checking user space page tables
[    1.604088] x86/mm: Checked W+X mappings: passed, no W+X pages found.
Loading, please wait...
starting version 237
[    1.722035] e1000: Intel(R) PRO/1000 Network Driver - version 7.3.21-k8-NAPI
[    1.744229] e1000: Copyright (c) 1999-2006 Intel Corporation.
[    1.782813] Fusion MPT base driver 3.04.20
[    1.804076] Copyright (c) 1999-2008 LSI Corporation
[    1.814822] Fusion MPT SPI Host driver 3.04.20
[    1.818818] mptbase: ioc0: Initiating bringup
[    1.835069] AVX2 version of gcm_enc/dec engaged.
[    1.855666] AES CTR mode by8 optimization enabled
[    1.938082] ioc0: LSI53C1030 A0: Capabilities={Initiator}
[    2.026859] input: ImExPS/2 Generic Explorer Mouse as /devices/platform/i8042/serio1/input/input4
[    2.250791] scsi host2: ioc0: LSI53C1030 A0, FwRev=00000000h, Ports=1, MaxQ=256, IRQ=20
[    3.084415] scsi 2:0:0:0: Direct-Access     VBOX     HARDDISK         1.0  PQ: 0 ANSI: 5
[    3.185455] scsi target2:0:0: Beginning Domain Validation
[    3.205390] scsi target2:0:0: Domain Validation skipping write tests
[    3.207494] scsi target2:0:0: Ending Domain Validation
[    3.214676] scsi target2:0:0: asynchronous
[    3.235207] scsi 2:0:1:0: Direct-Access     VBOX     HARDDISK         1.0  PQ: 0 ANSI: 5
[    3.533789] scsi target2:0:1: Beginning Domain Validation
[    3.536159] random: fast init done
[    3.545357] scsi target2:0:1: Domain Validation skipping write tests
[    3.546992] scsi target2:0:1: Ending Domain Validation
[    3.573557] scsi target2:0:1: asynchronous
[    3.576912] e1000 0000:00:03.0 eth0: (PCI:33MHz:32-bit) 02:9d:c8:d0:97:b6
[    3.576917] e1000 0000:00:03.0 eth0: Intel(R) PRO/1000 Network Connection
[    3.578634] random: systemd-udevd: uninitialized urandom read (16 bytes read)
[    3.585089] sd 2:0:0:0: Attached scsi generic sg0 type 0
[    3.596666] random: systemd-udevd: uninitialized urandom read (16 bytes read)
[    3.598594] sd 2:0:1:0: Attached scsi generic sg1 type 0
[    3.608194] random: systemd-udevd: uninitialized urandom read (16 bytes read)
[    3.617694] sd 2:0:0:0: [sda] 20971520 512-byte logical blocks: (10.7 GB/10.0 GiB)
[    3.625738] sd 2:0:1:0: [sdb] 20480 512-byte logical blocks: (10.5 MB/10.0 MiB)
[    3.629375] sd 2:0:1:0: [sdb] Write Protect is off
[    3.644398] sd 2:0:0:0: [sda] Write Protect is off
[    3.646154] sd 2:0:0:0: [sda] Incomplete mode parameter data
[    3.653726] sd 2:0:0:0: [sda] Assuming drive cache: write through
[    3.656206] sd 2:0:1:0: [sdb] Incomplete mode parameter data
[    3.658349] sd 2:0:1:0: [sdb] Assuming drive cache: write through
[    3.662333]  sda: sda1
[    3.667644] sd 2:0:0:0: [sda] Attached SCSI disk
[    3.674539] sd 2:0:1:0: [sdb] Attached SCSI disk
[    4.041171] e1000 0000:00:08.0 eth1: (PCI:33MHz:32-bit) 08:00:27:0d:bc:68
[    4.043425] e1000 0000:00:08.0 eth1: Intel(R) PRO/1000 Network Connection
[    4.046787] e1000 0000:00:03.0 enp0s3: renamed from eth0
[    4.073950] e1000 0000:00:08.0 enp0s8: renamed from eth1
Begin: Loading essential drivers ... [    5.760033] raid6: sse2x1   gen()  8562 MB/s
[    5.808712] raid6: sse2x1   xor()  5471 MB/s
[    5.856512] raid6: sse2x2   gen()  9417 MB/s
[    5.912201] raid6: sse2x2   xor()  5793 MB/s
[    5.960015] raid6: sse2x4   gen() 11960 MB/s
[    6.008307] raid6: sse2x4   xor()  7504 MB/s
[    6.064897] raid6: avx2x1   gen() 17984 MB/s
[    6.112259] raid6: avx2x1   xor() 10210 MB/s
[    6.160088] raid6: avx2x2   gen() 17995 MB/s
[    6.208148] raid6: avx2x2   xor() 10492 MB/s
[    6.256249] raid6: avx2x4   gen() 23484 MB/s
[    6.304575] raid6: avx2x4   xor() 13500 MB/s
[    6.312575] raid6: using algorithm avx2x4 gen() 23484 MB/s
[    6.313860] raid6: .... xor() 13500 MB/s, rmw enabled
[    6.315124] raid6: using avx2x2 recovery algorithm
[    6.317723] xor: automatically using best checksumming function   avx       
[    6.335220] async_tx: api initialized (async)
done.
Begin: Running /scripts/init-premount ... done.
Begin: Mounting root file system ... Begin: Running /scripts/local-top ... done.
Begin: Running /scripts/local-premount ... [    6.417595] Btrfs loaded, crc32c=crc32c-intel
Scanning for Btrfs filesystems
done.
Warning: fsck not present, so skipping root file system
[    6.465799] EXT4-fs (sda1): mounted filesystem with ordered data mode. Opts: (null)
done.
Begin: Running /scripts/local-bottom ... done.
Begin: Running /scripts/init-bottom ... done.
[    6.645425] ip_tables: (C) 2000-2006 Netfilter Core Team
[    6.671479] systemd[1]: systemd 237 running in system mode. (+PAM +AUDIT +SELINUX +IMA +APPARMOR +SMACK +SYSVINIT +UTMP +LIBCRYPTSETUP +GCRYPT +GNUTLS +ACL +XZ +LZ4 +SECCOMP +BLKID +ELFUTILS +KMOD -IDN2 +IDN -PCRE2 default-hierarchy=hybrid)
[    6.678566] systemd[1]: Detected virtualization oracle.
[    6.680497] systemd[1]: Detected architecture x86-64.

Welcome to [1mUbuntu 18.04.5 LTS[0m!

[    6.688428] systemd[1]: Set hostname to <mydocker>.
[    7.010374] systemd[1]: Reached target System Time Synchronized.
[[0;32m  OK  [0m] Reached target System Time Synchronized.
[    7.014729] systemd[1]: Reached target User and Group Name Lookups.
[[0;32m  OK  [0m] Reached target User and Group Name Lookups.
[    7.024225] systemd[1]: Set up automount Arbitrary Executable File Formats File System Automount Point.
[[0;32m  OK  [0m] Set up automount Arbitrary Executab…rmats File System Automount Point.
[    7.030610] systemd[1]: Created slice User and Session Slice.
[[0;32m  OK  [0m] Created slice User and Session Slice.
[    7.033888] systemd[1]: Started Forward Password Requests to Wall Directory Watch.
[[0;32m  OK  [0m] Started Forward Password Requests to Wall Directory Watch.
[    7.038175] systemd[1]: Created slice System Slice.
[[0;32m  OK  [0m] Created slice System Slice.
[[0;32m  OK  [0m] Created slice system-serial\x2dgetty.slice.
[[0;32m  OK  [0m] Reached target Slices.
[[0;32m  OK  [0m] Listening on Network Service Netlink Socket.
[[0;32m  OK  [0m] Listening on /dev/initctl Compatibility Named Pipe.
[[0;32m  OK  [0m] Listening on Journal Socket.
         Mounting Huge Pages File System...
         Starting Set the console keyboard layout...
         Starting Uncomplicated firewall...
         Mounting Kernel Debug File System...
[[0;32m  OK  [0m] Listening on Device-mapper event daemon FIFOs.
[[0;32m  OK  [0m] Listening on udev Control Socket.
         Starting Load Kernel Modules...
[[0;32m  OK  [0m] Listening on Syslog Socket.
         Starting Remount Root and Kernel File Systems...
         Starting Create [    7.088174] Loading iSCSI transport class v2.0-870.
list of required st…ce nodes for the current kernel...
[[0;32m  OK  [0m] Listening on Journal Audit Socket.
[[0;32m  OK  [0m] Listening on LVM2 metadata daemon socket.
         Starting Monitoring of LVM2 mirrors…ng dmeventd or progress polling...
[[0;32m  OK  [0m] Listening on Journal Socket (/dev/log).
[    7.123930] iscsi: registered transport (tcp)
         Starting Journal Service...
[[0;32m  OK  [0m] Listening on LVM2 poll daemon socket.
[    7.145689] EXT4-fs (sda1): re-mounted. Opts: (null)
[[0;32m  OK  [0m] Reached target Swap.
[[0;32m  OK  [0m] Listening on udev Kernel Socket.
         Starting udev Coldplug all Devices...
         Mounting POSIX Message Queue File System...
[[0;32m  OK  [0m] Mounted Huge Pages File System.
[[0;32m  OK  [0m] Started Uncomplicated firewall.
[[0;32m  OK  [0m] Mounted Kernel Debug File System.
[[0;32m  OK  [0m] Started Remount Root and Kernel File Systems.
[[0;32m  OK  [0m] Started Create list of required sta…vice nodes for the current kernel.
[[0;32m  OK  [0m] Mounted POSIX Message Queue File System.
[    7.219387] iscsi: registered transport (iser)
[[0;32m  OK  [0m] Started LVM2 metadata daemon.
         Starting Create Static Device Nodes in /dev...
         Starting Load/Save Random Seed...
[[0;32m  OK  [0m] Started Journal Service.
[[0;32m  OK  [0m] Started Load Kernel Modules.
[[0;32m  OK  [0m] Started Monitoring of LVM2 mirrors,…sing dmeventd or progress polling.
[[0;32m  OK  [0m] Started udev Coldplug all Devices.
[[0;32m  OK  [0m] Started Set the console keyboard layout.
[[0;32m  OK  [0m] Started Create Static Device Nodes in /dev.
[[0;32m  OK  [0m] Started Load/Save Random Seed.
         Starting udev Kernel Device Manager...
[[0;32m  OK  [0m] Reached target Local File Systems (Pre).
[[0;32m  OK  [0m] Reached target Local File Systems.
         Starting AppArmor initialization...
[    7.825066] vgdrvHeartbeatInit: Setting up heartbeat to trigger every 2000 milliseconds
         Starting ebtables ruleset management...
[    7.850370] ACPI: Video Device [GFX0] (multi-head: yes  rom: no  post: no)
         Starting Set console font and keymap...
         Starting Tell Plymouth To Write Out Runtime Data...
[    7.864768] input: Video Bus as /devices/LNXSYSTM:00/LNXSYBUS:00/PNP0A03:00/LNXVIDEO:00/input/input5
         Mounting /vagrant...
[    7.870843] input: Unspecified device as /devices/pci0000:00/0000:00:04.0/input/input6
         Starting Apply Kernel Variables...
         Mounting FUSE Control File System...
         Mounting Kernel Configuration File System...
         Starting Flush Journal to Persistent Storage...
[[0;32m  OK  [0m] Started udev Kernel Device Manager.
[    7.904190] vboxguest: misc device minor 56, IRQ 20, I/O port d020, MMIO at 00000000f0400000 (size 0x400000)
[[0;32m  OK  [0m] Started Set console font and keymap.
[[0;32m  OK  [0m] Started Tell Plymouth To Write Out Runtime Data.
[[0;32m  OK  [0m] Mounted FUSE Control File System.
[[0;32m  OK  [0m] Mounted Kernel Configuration File System.
[    7.937693] random: crng init done
[    7.987590] random: 7 urandom warning(s) missed due to ratelimiting
[[0;32m  OK  [0m] Mounted /vagrant.
[    8.073136] systemd-journald[413]: Received request to flush runtime journal from PID 1
[[0;32m  OK  [0m] Found device /dev/ttyS0.
[[0;32m  OK  [0m] Started Dispatch Password Requests to Console Directory Watch.
[[0;32m  OK  [0m] Reached target Local Encrypted Volumes.
[[0;32m  OK  [0m] Started ebtables ruleset management.
[[0;32m  OK  [0m] Listening on Load/Save RF Kill Switch Status /dev/rfkill Watch.
[[0;32m  OK  [0m] Started Flush Journal to Persistent Storage.
         Starting Create Volatile Files and Directories...
[[0;32m  OK  [0m] Started Create Volatile Files and Directories.
         Starting Update UTMP about System Boot/Shutdown...
[[0;32m  OK  [0m] Started Apply Kernel Variables.
[[0;32m  OK  [0m] Started Update UTMP about System Boot/Shutdown.
[[0;32m  OK  [0m] Started AppArmor initialization.
         Starting Load AppArmor profiles managed internally by snapd...
         Starting Initial cloud-init job (pre-networking)...
[[0;32m  OK  [0m] Started Load AppArmor profiles managed internally by snapd.
[   10.242027] cloud-init[565]: Cloud-init v. 20.3-2-g371b392c-0ubuntu1~18.04.1 running 'init-local' at Thu, 24 Sep 2020 07:06:03 +0000. Up 9.85 seconds.
[[0;32m  OK  [0m] Started Initial cloud-init job (pre-networking).
[[0;32m  OK  [0m] Reached target Network (Pre).
         Starting Network Service...
[[0;32m  OK  [0m] Started Network Service.
         Starting Network Name Resolution...
         Starting Wait for Network to be Configured...
[[0;32m  OK  [0m] Started Network Name Resolution.
[[0;32m  OK  [0m] Reached target Network.
[[0;32m  OK  [0m] Reached target Host and Network Name Lookups.
[[0;32m  OK  [0m] Started Wait for Network to be Configured.
         Starting Initial cloud-init job (metadata service crawler)...
[   13.319345] cloud-init[689]: Cloud-init v. 20.3-2-g371b392c-0ubuntu1~18.04.1 running 'init' at Thu, 24 Sep 2020 07:06:07 +0000. Up 12.99 seconds.
[   13.331878] cloud-init[689]: ci-info: ++++++++++++++++++++++++++++++++++++++Net device info+++++++++++++++++++++++++++++++++++++++
[   13.335084] cloud-init[689]: ci-info: +--------+------+-----------------------------+---------------+--------+-------------------+
[   13.360280] cloud-init[689]: ci-info: | Device |  Up  |           Address           |      Mask     | Scope  |     Hw-Address    |
[   13.376638] cloud-init[689]: ci-info: +--------+------+-----------------------------+---------------+--------+-------------------+
[   13.381711] cloud-init[689]: ci-info: | enp0s3 | True |          10.0.2.15          | 255.255.255.0 | global | 02:9d:c8:d0:97:b6 |
[   13.385003] cloud-init[689]: ci-info: | enp0s3 | True |  fe80::9d:c8ff:fed0:97b6/64 |       .       |  link  | 02:9d:c8:d0:97:b6 |
[   13.388680] cloud-init[689]: ci-info: | enp0s8 | True |         192.168.4.12        | 255.255.255.0 | global | 08:00:27:0d:bc:68 |
[   13.398174] cloud-init[689]: ci-info: | enp0s8 | True | fe80::a00:27ff:fe0d:bc68/64 |       .       |  link  | 08:00:27:0d:bc:68 |
[   13.453418] cloud-init[689]: ci-info: |   lo   | True |          127.0.0.1          |   255.0.0.0   |  host  |         .         |
[   13.492616] cloud-init[689]: ci-info: |   lo   | True |           ::1/128           |       .       |  host  |         .         |
[   13.549086] cloud-init[689]: ci-info: +--------+------+-----------------------------+---------------+--------+-------------------+
[   13.552991] cloud-init[689]: ci-info: ++++++++++++++++++++++++++++Route IPv4 info+++++++++++++++++++++++++++++
[   13.564526] cloud-init[689]: ci-info: +-------+-------------+----------+-----------------+-----------+-------+
[   13.568048] cloud-init[689]: ci-info: | Route | Destination | Gateway  |     Genmask     | Interface | Flags |
[   13.593181] cloud-init[689]: ci-info: +-------+-------------+----------+-----------------+-----------+-------+
[   13.596730] cloud-init[689]: ci-info: |   0   |   0.0.0.0   | 10.0.2.2 |     0.0.0.0     |   enp0s3  |   UG  |
[   13.632771] cloud-init[689]: ci-info: |   1   |   10.0.2.0  | 0.0.0.0  |  255.255.255.0  |   enp0s3  |   U   |
[   13.636217] cloud-init[689]: ci-info: |   2   |   10.0.2.2  | 0.0.0.0  | 255.255.255.255 |   enp0s3  |   UH  |
[   13.645836] cloud-init[689]: ci-info: |   3   | 192.168.4.0 | 0.0.0.0  |  255.255.255.0  |   enp0s8  |   U   |
[   13.651074] cloud-init[689]: ci-info: +-------+-------------+----------+-----------------+-----------+-------+
[[0;32m  OK  [0m] Started Initial cloud-init job (metadata service crawler).
[   13.689605] cloud-init[[689]: [0;32m  OK  [0mci-info: +++++++++++++++++++Route IPv6 info+++++++++++++++++++
] Reached target System Initialization.
[   13.779596]          Starting Docker Socket for the API.
[[0;32m  OK  [0m] Listening on ACPID Listen Socket.
cloud-init[689]: ci-info: +-------+-------------+---------+-----------+-------+
[[0;32m  OK  [0m] Listening on D-Bus System Message Bus Socket.
         Starting LXD - unix socket.
[   13.885383] cloud-init[689]: ci-info: | Route | Destination | Gateway | Interface | Flags |
[[0;32m  OK  [0m] Started ACPI Events Check.
[[0;32m  OK  [0m] Started Daily Cleanup of Temporary Directories.
[   13.896518] cloud-init[689]: ci-info: +-------+-------------+---------+-----------+-------+
[[0;32m  OK  [0m] Started Daily apt download activities.
[   13.915953] [[0;32m  OK  [0m] Started Message of the Day.
[[0;32m  OK  [0m] Started Discard unused blocks once a week.
[[0;32m  OK  [0m] Listening on Open-iSCSI iscsid Socket.
[[0;32m  OK  [0m] Started Daily apt upgrade and clean activities.
[[0;32m  OK  [0m] Reached target Timers.
[[0;32m  OK  [0m] Reached target Paths.
cloud-init[689]: ci-info: |   1   |  fe80::/64  |    ::   |   enp0s8  |   U   |
[[0;32m  OK  [0m] Listening on UUID daemon activation socket.
[   13.983927] cloud-init[689]: ci-info: |   2   |  fe80::/64  |    ::   |   enp0s3  |   U   |
         Starting Socket activation for snappy daemon.
[[0;32m  OK  [0m] Reached target Network is Online.
[   13.988626] [[0;32m  OK  [0m] Reached target Remote File Systems (Pre).
[[0;32m  OK  [0m] Reached target Remote File Systems.
         Starting Availability of block devices...
[[0;32m  OK  [0m] Reached target Cloud-config availability.
[[0;32m  OK  [0m] Listening on Docker Socket for the API.
[[0;32m  OK  [0m] Listening on LXD - unix socket.
[[0;32m  OK  [0m] Listening on Socket activation for snappy daemon.
[[0;32m  OK  [0m] Reached target Sockets.
[[0;32m  OK  [0m] Reached target Basic System.
cloud-init[689]: ci-info: |   4   |    local    |    ::   |   enp0s3  |   U   |
         Starting Login Service...
[   14.154843] cloud-init         Starting LSB: automatic crash report generation...
[689]: ci-info: |   5   |    local    |    ::   |   enp0s8  |   U   |
         Starting LSB: Record successful boot for GRUB...
[   14.167422] cloud-init[689]: ci-info: |   6   |   ff00::/8  |    ::   |   enp0s8  |   U   |
         Starting LXD - container startup/shutdown...
[   14.205546] cloud-init[689]: ci-info: |   7   |   ff00::/8  |    ::   |   enp0s3  |   U   |
         Starting System Logging Service...
[   14.218522] cloud-init[689]: ci-info: +-------+-------------+---------+-----------+-------+
[[0;32m  OK  [0m] Started Regular background program processing daemon.
         Starting Message of the Day...
         Starting Dispatcher daemon for systemd-networkd...
         Starting Permit User Sessions...
[[0;32m  OK  [0m] Started irqbalance daemon.
         Starting containerd container runtime...
         Starting Accounts Service...
[[0;32m  OK  [0m] Started FUSE filesystem for LXC.
         Starting Virtualbox guest utils...
[[0;32m  OK  [0m] Started Deferred execution scheduler.
         Starting Snap Daemon...
[[0;32m  OK  [0m] Started D-Bus System Message Bus.
         Starting OpenBSD Secure Shell server...
[[0;32m  OK  [0m] Started System Logging Service.
[[0;32m  OK  [0m] Started Availability of block devices.
[[0;32m  OK  [0m] Started LXD - container startup/shutdown.
[[0;32m  OK  [0m] Started Permit User Sessions.
[[0;32m  OK  [0m] Started Login Service.
[[0;32m  OK  [0m] Started OpenBSD Secure Shell server.
[[0;32m  OK  [0m] Started Dispatcher daemon for systemd-networkd.
         Starting Authorization Manager...
[[0;32m  OK  [0m] Started Unattended Upgrades Shutdown.
         Starting Hold until boot process finishes up...
         Starting Terminate Plymouth Boot Screen...
[[0;32m  OK  [0m] Started LSB: automatic crash report generation.
[[0;32m  OK  [0m] Started Hold until boot process finishes up.
[[0;32m  OK  [0m] Started Terminate Plymouth Boot Screen.
         Starting Set console scheme...
[[0;32m  OK  [0m] Started Serial Getty on ttyS0.
[[0;32m  OK  [0m] Started Authorization Manager.
[[0;32m  OK  [0m] Started Set console scheme.
[[0;32m  OK  [0m] Started Accounts Service.
[[0;32m  OK  [0m] Created slice system-getty.slice.
[[0;32m  OK  [0m] Started Getty on tty1.
[[0;32m  OK  [0m] Reached target Login Prompts.
[[0;32m  OK  [0m] Started LSB: Record successful boot for GRUB.
[[0;32m  OK  [0m] Created slice User Slice of vagrant.
         Starting User Manager for UID 1000...
[[0;32m  OK  [0m] Started Session 1 of user vagrant.
[[0;32m  OK  [0m] Started Virtualbox guest utils.
[[0;32m  OK  [0m] Started User Manager for UID 1000.
[[0;32m  OK  [0m] Started containerd container runtime.
         Starting Docker Application Container Engine...
[[0;32m  OK  [0m] Started Snap Daemon.
         Starting Wait until snapd is fully seeded...
[[0;32m  OK  [0m] Started Wait until snapd is fully seeded.
         Starting Apply the settings specified in cloud-config...
[[0;32m  OK  [0m] Started Message of the Day.
[   17.988763] cloud-init[1220]: Cloud-init v. 20.3-2-g371b392c-0ubuntu1~18.04.1 running 'modules:config' at Thu, 24 Sep 2020 07:06:11 +0000. Up 17.75 seconds.
[[0;32m  OK  [0m] Started Apply the settings specified in cloud-config.
[[0;32m  OK  [0m] Started Docker Application Container Engine.
[[0;32m  OK  [0m] Reached target Multi-User System.
[[0;32m  OK  [0m] Reached target Graphical Interface.
         Starting Execute cloud user/final scripts...
         Starting Update UTMP about System Runlevel Changes...
[[0;32m  OK  [0m] Started Update UTMP about System Runlevel Changes.
[   20.223015] cloud-init[1525]: Cloud-init v. 20.3-2-g371b392c-0ubuntu1~18.04.1 running 'modules:final' at Thu, 24 Sep 2020 07:06:13 +0000. Up 19.97 seconds.
[   20.232672] cloud-init[1525]: Cloud-init v. 20.3-2-g371b392c-0ubuntu1~18.04.1 finished at Thu, 24 Sep 2020 07:06:14 +0000. Datasource DataSourceNoCloud [seed=/dev/sdb][dsmode=net].  Up 20.20 seconds
[[0;32m  OK  [0m] Started Execute cloud user/final scripts.
         Starting Daily apt download activities...
[[0;32m  OK  [0m] Reached target Cloud-init target.

Ubuntu 18.04.5 LTS mydocker ttyS0

mydocker login: 